<?xml version="1.0" encoding="UTF-8"?>
<testng-results ignored="0" total="6" passed="6" failed="0" skipped="0">
  <reporter-output>
  </reporter-output>
  <suite started-at="2022-08-25T16:42:06 IST" name="Suite" finished-at="2022-08-25T16:42:24 IST" duration-ms="18639">
    <groups>
      <group name="regression">
        <method signature="LoginTest.verifyLogin()[pri:2, instance:test.LoginTest@4803b726]" name="verifyLogin" class="test.LoginTest"/>
      </group> <!-- regression -->
      <group name="smoke">
        <method signature="LoginTest.verifyLogin()[pri:2, instance:test.LoginTest@4803b726]" name="verifyLogin" class="test.LoginTest"/>
        <method signature="LoginTest.verifyURL()[pri:0, instance:test.LoginTest@4803b726]" name="verifyURL" class="test.LoginTest"/>
      </group> <!-- smoke -->
    </groups>
    <test started-at="2022-08-25T16:42:06 IST" name="Test" finished-at="2022-08-25T16:42:24 IST" duration-ms="18639">
      <class name="test.PIMTest">
        <test-method is-config="true" signature="launchbrowser()[pri:0, instance:test.PIMTest@27462a88]" started-at="2022-08-25T16:42:16 IST" name="launchbrowser" finished-at="2022-08-25T16:42:20 IST" duration-ms="4528" status="PASS">
          <reporter-output>
          </reporter-output>
        </test-method> <!-- launchbrowser -->
        <test-method is-config="true" signature="pageObject()[pri:0, instance:test.PIMTest@27462a88]" started-at="2022-08-25T16:42:20 IST" name="pageObject" finished-at="2022-08-25T16:42:20 IST" duration-ms="0" status="PASS">
          <reporter-output>
          </reporter-output>
        </test-method> <!-- pageObject -->
        <test-method is-config="true" signature="login()[pri:0, instance:test.PIMTest@27462a88]" started-at="2022-08-25T16:42:20 IST" name="login" finished-at="2022-08-25T16:42:21 IST" duration-ms="461" status="PASS">
          <reporter-output>
          </reporter-output>
        </test-method> <!-- login -->
        <test-method signature="verifyURL()[pri:4, instance:test.PIMTest@27462a88]" started-at="2022-08-25T16:42:21 IST" name="verifyURL" finished-at="2022-08-25T16:42:22 IST" duration-ms="1858" status="PASS">
          <reporter-output>
          </reporter-output>
        </test-method> <!-- verifyURL -->
        <test-method signature="verifyPim()[pri:5, instance:test.PIMTest@27462a88]" started-at="2022-08-25T16:42:22 IST" name="verifyPim" finished-at="2022-08-25T16:42:23 IST" duration-ms="440" status="PASS">
          <reporter-output>
          </reporter-output>
        </test-method> <!-- verifyPim -->
        <test-method signature="verifyCheckBoxSelected()[pri:6, instance:test.PIMTest@27462a88]" started-at="2022-08-25T16:42:23 IST" name="verifyCheckBoxSelected" finished-at="2022-08-25T16:42:24 IST" duration-ms="641" status="PASS">
          <reporter-output>
          </reporter-output>
        </test-method> <!-- verifyCheckBoxSelected -->
        <test-method is-config="true" signature="tearDownEnvironment()[pri:0, instance:test.PIMTest@27462a88]" started-at="2022-08-25T16:42:24 IST" name="tearDownEnvironment" finished-at="2022-08-25T16:42:24 IST" duration-ms="817" status="PASS">
          <reporter-output>
          </reporter-output>
        </test-method> <!-- tearDownEnvironment -->
      </class> <!-- test.PIMTest -->
      <class name="test.LoginTest">
        <test-method is-config="true" signature="launchbrowser()[pri:0, instance:test.LoginTest@4803b726]" started-at="2022-08-25T16:42:06 IST" name="launchbrowser" finished-at="2022-08-25T16:42:12 IST" duration-ms="6451" status="PASS">
          <reporter-output>
          </reporter-output>
        </test-method> <!-- launchbrowser -->
        <test-method is-config="true" signature="pageObject()[pri:0, instance:test.LoginTest@4803b726]" started-at="2022-08-25T16:42:12 IST" name="pageObject" finished-at="2022-08-25T16:42:12 IST" duration-ms="25" status="PASS">
          <reporter-output>
          </reporter-output>
        </test-method> <!-- pageObject -->
        <test-method signature="verifyURL()[pri:0, instance:test.LoginTest@4803b726]" started-at="2022-08-25T16:42:12 IST" name="verifyURL" finished-at="2022-08-25T16:42:12 IST" duration-ms="20" status="PASS">
          <reporter-output>
          </reporter-output>
        </test-method> <!-- verifyURL -->
        <test-method signature="verifyTitle()[pri:1, instance:test.LoginTest@4803b726]" started-at="2022-08-25T16:42:12 IST" name="verifyTitle" finished-at="2022-08-25T16:42:12 IST" duration-ms="13" status="PASS">
          <reporter-output>
          </reporter-output>
        </test-method> <!-- verifyTitle -->
        <test-method signature="verifyLogin()[pri:2, instance:test.LoginTest@4803b726]" started-at="2022-08-25T16:42:12 IST" name="verifyLogin" finished-at="2022-08-25T16:42:15 IST" duration-ms="2634" status="PASS">
          <reporter-output>
          </reporter-output>
        </test-method> <!-- verifyLogin -->
        <test-method is-config="true" signature="tearDownEnvironment()[pri:0, instance:test.LoginTest@4803b726]" started-at="2022-08-25T16:42:15 IST" name="tearDownEnvironment" finished-at="2022-08-25T16:42:16 IST" duration-ms="696" status="PASS">
          <reporter-output>
          </reporter-output>
        </test-method> <!-- tearDownEnvironment -->
      </class> <!-- test.LoginTest -->
    </test> <!-- Test -->
  </suite> <!-- Suite -->
</testng-results>
