<?xml version="1.0" encoding="UTF-8"?>
<!-- Generated by org.testng.reporters.JUnitXMLReporter -->
<testsuite ignored="0" hostname="LAPTOP-GS64E2KG" failures="0" tests="6" name="Test" time="18.639" errors="0" timestamp="2022-08-25T16:42:24 IST">
  <testcase classname="test.LoginTest" name="verifyURL" time="0.02"/>
  <testcase classname="test.LoginTest" name="verifyTitle" time="0.013"/>
  <testcase classname="test.LoginTest" name="verifyLogin" time="2.634"/>
  <testcase classname="test.PIMTest" name="verifyURL" time="1.858"/>
  <testcase classname="test.PIMTest" name="verifyPim" time="0.44"/>
  <testcase classname="test.PIMTest" name="verifyCheckBoxSelected" time="0.641"/>
</testsuite> <!-- Test -->
